Building DAG of jobs...
Using shell: /bin/bash
Provided cores: 4
Rules claiming more threads will be scaled down.
Job counts:
	count	jobs
	1	all
	4	lims
	15	make_cellranger
	4	write_fastqs
	24
Select jobs to execute...

[Wed Jan 20 14:54:26 2021]
localrule lims:
    output: projects/BCLLATLAS_33/info.txt
    jobid: 9
    wildcards: subproject=BCLLATLAS_33


[Wed Jan 20 14:54:26 2021]
localrule lims:
    output: projects/BCLLATLAS_40/info.txt
    jobid: 6
    wildcards: subproject=BCLLATLAS_40


[Wed Jan 20 14:54:26 2021]
localrule lims:
    output: projects/BCLLATLAS_38/info.txt
    jobid: 14
    wildcards: subproject=BCLLATLAS_38


[Wed Jan 20 14:54:26 2021]
localrule lims:
    output: projects/BCLLATLAS_46/info.txt
    jobid: 3
    wildcards: subproject=BCLLATLAS_46

[Wed Jan 20 14:54:26 2021]
Finished job 9.
1 of 24 steps (4%) done
Select jobs to execute...
[Wed Jan 20 14:54:26 2021]
Finished job 6.
2 of 24 steps (8%) done
[Wed Jan 20 14:54:26 2021]
Finished job 14.
3 of 24 steps (12%) done
[Wed Jan 20 14:54:26 2021]
Finished job 3.
4 of 24 steps (17%) done

[Wed Jan 20 14:54:26 2021]
localrule write_fastqs:
    input: projects/BCLLATLAS_33/info.txt, data/tonsil_atlas_metadata.csv
    output: projects/BCLLATLAS_33/fastq_paths.csv
    jobid: 8
    wildcards: subproject=BCLLATLAS_33

Select jobs to execute...

[Wed Jan 20 14:54:26 2021]
localrule write_fastqs:
    input: projects/BCLLATLAS_40/info.txt, data/tonsil_atlas_metadata.csv
    output: projects/BCLLATLAS_40/fastq_paths.csv
    jobid: 5
    wildcards: subproject=BCLLATLAS_40


[Wed Jan 20 14:54:26 2021]
localrule write_fastqs:
    input: projects/BCLLATLAS_38/info.txt, data/tonsil_atlas_metadata.csv
    output: projects/BCLLATLAS_38/fastq_paths.csv
    jobid: 13
    wildcards: subproject=BCLLATLAS_38


[Wed Jan 20 14:54:26 2021]
localrule write_fastqs:
    input: projects/BCLLATLAS_46/info.txt, data/tonsil_atlas_metadata.csv
    output: projects/BCLLATLAS_46/fastq_paths.csv
    jobid: 2
    wildcards: subproject=BCLLATLAS_46

[Wed Jan 20 14:54:32 2021]
Error in rule write_fastqs:
[Wed Jan 20 14:54:32 2021]
[Wed Jan 20 14:54:32 2021]
    jobid: 8
Error in rule write_fastqs:
Error in rule write_fastqs:
    output: projects/BCLLATLAS_33/fastq_paths.csv
    jobid: 5
    jobid: 13
    shell:
        python scripts/2-write_fastq_paths.py --subproject BCLLATLAS_33 --info_file projects/BCLLATLAS_33/info.txt --metadata data/tonsil_atlas_metadata.csv
        (one of the commands exited with non-zero exit code; note that snakemake uses bash strict mode!)
    output: projects/BCLLATLAS_40/fastq_paths.csv
    output: projects/BCLLATLAS_38/fastq_paths.csv
[Wed Jan 20 14:54:32 2021]

    shell:
        python scripts/2-write_fastq_paths.py --subproject BCLLATLAS_40 --info_file projects/BCLLATLAS_40/info.txt --metadata data/tonsil_atlas_metadata.csv
        (one of the commands exited with non-zero exit code; note that snakemake uses bash strict mode!)
    shell:
        python scripts/2-write_fastq_paths.py --subproject BCLLATLAS_38 --info_file projects/BCLLATLAS_38/info.txt --metadata data/tonsil_atlas_metadata.csv
        (one of the commands exited with non-zero exit code; note that snakemake uses bash strict mode!)
Error in rule write_fastqs:


    jobid: 2
    output: projects/BCLLATLAS_46/fastq_paths.csv
    shell:
        python scripts/2-write_fastq_paths.py --subproject BCLLATLAS_46 --info_file projects/BCLLATLAS_46/info.txt --metadata data/tonsil_atlas_metadata.csv
        (one of the commands exited with non-zero exit code; note that snakemake uses bash strict mode!)

Shutting down, this might take some time.
Exiting because a job execution failed. Look above for error message
Complete log: /home/devel/srashmi/tonsil_atlas_20210114/1-cellranger_mapping/.snakemake/log/2021-01-20T145425.701566.snakemake.log
