Building DAG of jobs...
Using shell: /bin/bash
Provided cores: 4
Rules claiming more threads will be scaled down.
Job counts:
	count	jobs
	1	all
	4	lims
	15	make_cellranger
	4	write_fastqs
	24
Select jobs to execute...

[Wed Jan 20 15:52:28 2021]
localrule lims:
    output: projects/BCLLATLAS_46/info.txt
    jobid: 9
    wildcards: subproject=BCLLATLAS_46


[Wed Jan 20 15:52:28 2021]
localrule lims:
    output: projects/BCLLATLAS_38/info.txt
    jobid: 12
    wildcards: subproject=BCLLATLAS_38


[Wed Jan 20 15:52:28 2021]
localrule lims:
    output: projects/BCLLATLAS_40/info.txt
    jobid: 6
    wildcards: subproject=BCLLATLAS_40


[Wed Jan 20 15:52:28 2021]
localrule lims:
    output: projects/BCLLATLAS_33/info.txt
    jobid: 3
    wildcards: subproject=BCLLATLAS_33

[Wed Jan 20 15:52:28 2021]
Finished job 3.
1 of 24 steps (4%) done
[Wed Jan 20 15:52:28 2021]
Finished job 6.
2 of 24 steps (8%) done
[Wed Jan 20 15:52:28 2021]
Finished job 9.
3 of 24 steps (12%) done
[Wed Jan 20 15:52:28 2021]
Finished job 12.
4 of 24 steps (17%) done
Select jobs to execute...

[Wed Jan 20 15:52:28 2021]
localrule write_fastqs:
    input: projects/BCLLATLAS_40/info.txt, data/tonsil_atlas_metadata.csv
    output: projects/BCLLATLAS_40/fastq_paths.csv
    jobid: 5
    wildcards: subproject=BCLLATLAS_40


[Wed Jan 20 15:52:28 2021]
localrule write_fastqs:
    input: projects/BCLLATLAS_38/info.txt, data/tonsil_atlas_metadata.csv
    output: projects/BCLLATLAS_38/fastq_paths.csv
    jobid: 11
    wildcards: subproject=BCLLATLAS_38


[Wed Jan 20 15:52:28 2021]
localrule write_fastqs:
    input: projects/BCLLATLAS_46/info.txt, data/tonsil_atlas_metadata.csv
    output: projects/BCLLATLAS_46/fastq_paths.csv
    jobid: 8
    wildcards: subproject=BCLLATLAS_46


[Wed Jan 20 15:52:28 2021]
localrule write_fastqs:
    input: projects/BCLLATLAS_33/info.txt, data/tonsil_atlas_metadata.csv
    output: projects/BCLLATLAS_33/fastq_paths.csv
    jobid: 2
    wildcards: subproject=BCLLATLAS_33

[Wed Jan 20 15:52:29 2021]
Finished job 2.
5 of 24 steps (21%) done
Select jobs to execute...
[Wed Jan 20 15:52:29 2021]
Finished job 5.
6 of 24 steps (25%) done
[Wed Jan 20 15:52:29 2021]
Finished job 11.
7 of 24 steps (29%) done
[Wed Jan 20 15:52:29 2021]
Finished job 8.
8 of 24 steps (33%) done

[Wed Jan 20 15:52:29 2021]
localrule make_cellranger:
    input: projects/BCLLATLAS_33/fastq_paths.csv, data/tonsil_atlas_metadata.csv, data/tonsil_atlas_cite_seq_reference.csv
    output: projects/BCLLATLAS_33/jobs/ifZOgenn_TpMNTvBa/ifZOgenn_TpMNTvBa.cmd
    jobid: 1
    wildcards: subproject=BCLLATLAS_33, gem_id=ifZOgenn_TpMNTvBa

Select jobs to execute...

[Wed Jan 20 15:52:29 2021]
localrule make_cellranger:
    input: projects/BCLLATLAS_40/fastq_paths.csv, data/tonsil_atlas_metadata.csv, data/tonsil_atlas_cite_seq_reference.csv
    output: projects/BCLLATLAS_40/jobs/uqJAc4r9_BYScOzxA/uqJAc4r9_BYScOzxA.cmd
    jobid: 22
    wildcards: subproject=BCLLATLAS_40, gem_id=uqJAc4r9_BYScOzxA


[Wed Jan 20 15:52:29 2021]
localrule make_cellranger:
    input: projects/BCLLATLAS_38/fastq_paths.csv, data/tonsil_atlas_metadata.csv, data/tonsil_atlas_cite_seq_reference.csv
    output: projects/BCLLATLAS_38/jobs/B20O1bh7_VmM99YZJ/B20O1bh7_VmM99YZJ.cmd
    jobid: 10
    wildcards: subproject=BCLLATLAS_38, gem_id=B20O1bh7_VmM99YZJ


[Wed Jan 20 15:52:29 2021]
localrule make_cellranger:
    input: projects/BCLLATLAS_40/fastq_paths.csv, data/tonsil_atlas_metadata.csv, data/tonsil_atlas_cite_seq_reference.csv
    output: projects/BCLLATLAS_40/jobs/LxBTpkPO_8TcNpBg4/LxBTpkPO_8TcNpBg4.cmd
    jobid: 21
    wildcards: subproject=BCLLATLAS_40, gem_id=LxBTpkPO_8TcNpBg4

Select jobs to execute...
Select jobs to execute...
[Wed Jan 20 15:52:30 2021]
Finished job 1.
9 of 24 steps (38%) done
Select jobs to execute...

[Wed Jan 20 15:52:30 2021]
localrule make_cellranger:
    input: projects/BCLLATLAS_46/fastq_paths.csv, data/tonsil_atlas_metadata.csv, data/tonsil_atlas_cite_seq_reference.csv
    output: projects/BCLLATLAS_46/jobs/BZEECBEG_GXkc6Q1y/BZEECBEG_GXkc6Q1y.cmd
    jobid: 7
    wildcards: subproject=BCLLATLAS_46, gem_id=BZEECBEG_GXkc6Q1y

[Wed Jan 20 15:52:30 2021]
Finished job 21.
10 of 24 steps (42%) done
Select jobs to execute...
[Wed Jan 20 15:52:30 2021]
Finished job 22.
11 of 24 steps (46%) done
[Wed Jan 20 15:52:30 2021]
Finished job 10.
12 of 24 steps (50%) done

[Wed Jan 20 15:52:30 2021]
localrule make_cellranger:
    input: projects/BCLLATLAS_46/fastq_paths.csv, data/tonsil_atlas_metadata.csv, data/tonsil_atlas_cite_seq_reference.csv
    output: projects/BCLLATLAS_46/jobs/KETfaLdx_Ub1mtE13/KETfaLdx_Ub1mtE13.cmd
    jobid: 20
    wildcards: subproject=BCLLATLAS_46, gem_id=KETfaLdx_Ub1mtE13

Select jobs to execute...

[Wed Jan 20 15:52:30 2021]
localrule make_cellranger:
    input: projects/BCLLATLAS_40/fastq_paths.csv, data/tonsil_atlas_metadata.csv, data/tonsil_atlas_cite_seq_reference.csv
    output: projects/BCLLATLAS_40/jobs/CfdzDgHe_IMOTbrIP/CfdzDgHe_IMOTbrIP.cmd
    jobid: 4
    wildcards: subproject=BCLLATLAS_40, gem_id=CfdzDgHe_IMOTbrIP


[Wed Jan 20 15:52:30 2021]
localrule make_cellranger:
    input: projects/BCLLATLAS_46/fastq_paths.csv, data/tonsil_atlas_metadata.csv, data/tonsil_atlas_cite_seq_reference.csv
    output: projects/BCLLATLAS_46/jobs/XV1SLOR2_HRF5D9A3/XV1SLOR2_HRF5D9A3.cmd
    jobid: 19
    wildcards: subproject=BCLLATLAS_46, gem_id=XV1SLOR2_HRF5D9A3

Select jobs to execute...
[Wed Jan 20 15:52:31 2021]
Finished job 7.
13 of 24 steps (54%) done
Select jobs to execute...

[Wed Jan 20 15:52:31 2021]
localrule make_cellranger:
    input: projects/BCLLATLAS_38/fastq_paths.csv, data/tonsil_atlas_metadata.csv, data/tonsil_atlas_cite_seq_reference.csv
    output: projects/BCLLATLAS_38/jobs/WToIzInl_LudU7hVX/WToIzInl_LudU7hVX.cmd
    jobid: 18
    wildcards: subproject=BCLLATLAS_38, gem_id=WToIzInl_LudU7hVX

[Wed Jan 20 15:52:31 2021]
Finished job 20.
14 of 24 steps (58%) done
Select jobs to execute...

[Wed Jan 20 15:52:31 2021]
localrule make_cellranger:
    input: projects/BCLLATLAS_33/fastq_paths.csv, data/tonsil_atlas_metadata.csv, data/tonsil_atlas_cite_seq_reference.csv
    output: projects/BCLLATLAS_33/jobs/mLuLpVxi_v0fLyotc/mLuLpVxi_v0fLyotc.cmd
    jobid: 16
    wildcards: subproject=BCLLATLAS_33, gem_id=mLuLpVxi_v0fLyotc

[Wed Jan 20 15:52:31 2021]
Finished job 19.
15 of 24 steps (62%) done
Select jobs to execute...
[Wed Jan 20 15:52:31 2021]
Finished job 4.
16 of 24 steps (67%) done

[Wed Jan 20 15:52:31 2021]
localrule make_cellranger:
    input: projects/BCLLATLAS_40/fastq_paths.csv, data/tonsil_atlas_metadata.csv, data/tonsil_atlas_cite_seq_reference.csv
    output: projects/BCLLATLAS_40/jobs/pseMjZsU_qgZNOhOQ/pseMjZsU_qgZNOhOQ.cmd
    jobid: 14
    wildcards: subproject=BCLLATLAS_40, gem_id=pseMjZsU_qgZNOhOQ

Select jobs to execute...

[Wed Jan 20 15:52:31 2021]
localrule make_cellranger:
    input: projects/BCLLATLAS_46/fastq_paths.csv, data/tonsil_atlas_metadata.csv, data/tonsil_atlas_cite_seq_reference.csv
    output: projects/BCLLATLAS_46/jobs/SOJZt9kY_qpnv20QN/SOJZt9kY_qpnv20QN.cmd
    jobid: 15
    wildcards: subproject=BCLLATLAS_46, gem_id=SOJZt9kY_qpnv20QN

[Wed Jan 20 15:52:32 2021]
Finished job 18.
17 of 24 steps (71%) done
Select jobs to execute...
[Wed Jan 20 15:52:32 2021]
Finished job 16.
18 of 24 steps (75%) done

[Wed Jan 20 15:52:32 2021]
localrule make_cellranger:
    input: projects/BCLLATLAS_38/fastq_paths.csv, data/tonsil_atlas_metadata.csv, data/tonsil_atlas_cite_seq_reference.csv
    output: projects/BCLLATLAS_38/jobs/rdFRFhrU_ZdYeOZlf/rdFRFhrU_ZdYeOZlf.cmd
    jobid: 13
    wildcards: subproject=BCLLATLAS_38, gem_id=rdFRFhrU_ZdYeOZlf

Select jobs to execute...
[Wed Jan 20 15:52:32 2021]
Finished job 14.
19 of 24 steps (79%) done

[Wed Jan 20 15:52:32 2021]
localrule make_cellranger:
    input: projects/BCLLATLAS_46/fastq_paths.csv, data/tonsil_atlas_metadata.csv, data/tonsil_atlas_cite_seq_reference.csv
    output: projects/BCLLATLAS_46/jobs/HjqdPU0E_aGDmEY5F/HjqdPU0E_aGDmEY5F.cmd
    jobid: 23
    wildcards: subproject=BCLLATLAS_46, gem_id=HjqdPU0E_aGDmEY5F

Select jobs to execute...
[Wed Jan 20 15:52:32 2021]
Finished job 15.
20 of 24 steps (83%) done

[Wed Jan 20 15:52:32 2021]
localrule make_cellranger:
    input: projects/BCLLATLAS_40/fastq_paths.csv, data/tonsil_atlas_metadata.csv, data/tonsil_atlas_cite_seq_reference.csv
    output: projects/BCLLATLAS_40/jobs/ujxNn2kq_lG2VLlYd/ujxNn2kq_lG2VLlYd.cmd
    jobid: 17
    wildcards: subproject=BCLLATLAS_40, gem_id=ujxNn2kq_lG2VLlYd

[Wed Jan 20 15:52:33 2021]
Finished job 23.
21 of 24 steps (88%) done
[Wed Jan 20 15:52:33 2021]
Finished job 13.
22 of 24 steps (92%) done
[Wed Jan 20 15:52:33 2021]
Finished job 17.
23 of 24 steps (96%) done
Select jobs to execute...

[Wed Jan 20 15:52:33 2021]
localrule all:
    input: projects/BCLLATLAS_33/jobs/ifZOgenn_TpMNTvBa/ifZOgenn_TpMNTvBa.cmd, projects/BCLLATLAS_40/jobs/CfdzDgHe_IMOTbrIP/CfdzDgHe_IMOTbrIP.cmd, projects/BCLLATLAS_46/jobs/BZEECBEG_GXkc6Q1y/BZEECBEG_GXkc6Q1y.cmd, projects/BCLLATLAS_38/jobs/B20O1bh7_VmM99YZJ/B20O1bh7_VmM99YZJ.cmd, projects/BCLLATLAS_38/jobs/rdFRFhrU_ZdYeOZlf/rdFRFhrU_ZdYeOZlf.cmd, projects/BCLLATLAS_40/jobs/pseMjZsU_qgZNOhOQ/pseMjZsU_qgZNOhOQ.cmd, projects/BCLLATLAS_46/jobs/SOJZt9kY_qpnv20QN/SOJZt9kY_qpnv20QN.cmd, projects/BCLLATLAS_33/jobs/mLuLpVxi_v0fLyotc/mLuLpVxi_v0fLyotc.cmd, projects/BCLLATLAS_40/jobs/ujxNn2kq_lG2VLlYd/ujxNn2kq_lG2VLlYd.cmd, projects/BCLLATLAS_38/jobs/WToIzInl_LudU7hVX/WToIzInl_LudU7hVX.cmd, projects/BCLLATLAS_46/jobs/XV1SLOR2_HRF5D9A3/XV1SLOR2_HRF5D9A3.cmd, projects/BCLLATLAS_46/jobs/KETfaLdx_Ub1mtE13/KETfaLdx_Ub1mtE13.cmd, projects/BCLLATLAS_40/jobs/LxBTpkPO_8TcNpBg4/LxBTpkPO_8TcNpBg4.cmd, projects/BCLLATLAS_40/jobs/uqJAc4r9_BYScOzxA/uqJAc4r9_BYScOzxA.cmd, projects/BCLLATLAS_46/jobs/HjqdPU0E_aGDmEY5F/HjqdPU0E_aGDmEY5F.cmd
    jobid: 0

[Wed Jan 20 15:52:33 2021]
Finished job 0.
24 of 24 steps (100%) done
Complete log: /home/devel/srashmi/tonsil_atlas_20210114/1-cellranger_mapping/.snakemake/log/2021-01-20T155227.476145.snakemake.log
