Building DAG of jobs...
Using shell: /bin/bash
Provided cores: 4
Rules claiming more threads will be scaled down.
Job counts:
	count	jobs
	1	all
	15	make_cellranger
	4	write_fastqs
	20
Select jobs to execute...

[Wed Jan 20 14:58:03 2021]
localrule write_fastqs:
    input: projects/BCLLATLAS_38/info.txt, data/tonsil_atlas_metadata.csv
    output: projects/BCLLATLAS_38/fastq_paths.csv
    jobid: 5
    wildcards: subproject=BCLLATLAS_38


[Wed Jan 20 14:58:03 2021]
localrule write_fastqs:
    input: projects/BCLLATLAS_46/info.txt, data/tonsil_atlas_metadata.csv
    output: projects/BCLLATLAS_46/fastq_paths.csv
    jobid: 11
    wildcards: subproject=BCLLATLAS_46


[Wed Jan 20 14:58:03 2021]
localrule write_fastqs:
    input: projects/BCLLATLAS_33/info.txt, data/tonsil_atlas_metadata.csv
    output: projects/BCLLATLAS_33/fastq_paths.csv
    jobid: 8
    wildcards: subproject=BCLLATLAS_33


[Wed Jan 20 14:58:03 2021]
localrule write_fastqs:
    input: projects/BCLLATLAS_40/info.txt, data/tonsil_atlas_metadata.csv
    output: projects/BCLLATLAS_40/fastq_paths.csv
    jobid: 2
    wildcards: subproject=BCLLATLAS_40

[Wed Jan 20 14:58:04 2021]
Error in rule write_fastqs:
    jobid: 2
    output: projects/BCLLATLAS_40/fastq_paths.csv
    shell:
        python scripts/2-write_fastq_paths.py --subproject BCLLATLAS_40 --info_file projects/BCLLATLAS_40/info.txt --metadata data/tonsil_atlas_metadata.csv
        (one of the commands exited with non-zero exit code; note that snakemake uses bash strict mode!)

[Wed Jan 20 14:58:04 2021]
Error in rule write_fastqs:
    jobid: 5
    output: projects/BCLLATLAS_38/fastq_paths.csv
    shell:
        python scripts/2-write_fastq_paths.py --subproject BCLLATLAS_38 --info_file projects/BCLLATLAS_38/info.txt --metadata data/tonsil_atlas_metadata.csv
        (one of the commands exited with non-zero exit code; note that snakemake uses bash strict mode!)

[Wed Jan 20 14:58:11 2021]
Finished job 8.
1 of 20 steps (5%) done
[Wed Jan 20 14:58:11 2021]
Finished job 11.
2 of 20 steps (10%) done
Shutting down, this might take some time.
Exiting because a job execution failed. Look above for error message
Complete log: /home/devel/srashmi/tonsil_atlas_20210114/1-cellranger_mapping/.snakemake/log/2021-01-20T145802.929446.snakemake.log
